<?xml version="1.0" encoding="UTF-8"?>
<!-- Generated by org.testng.reporters.JUnitXMLReporter -->
<testsuite ignored="0" hostname="DESKTOP-E15M9KF" failures="0" tests="2" name="Error Validation Test" time="52.33" errors="0" timestamp="2025-09-27T00:14:01 IST">
  <testcase classname="FrameworkBuildTestNGTest.Tests.ErrorValidationTest" name="loginErrorValidationTest" time="8.23"/>
  <testcase classname="FrameworkBuildTestNGTest.Tests.ErrorValidationTest" name="productErrorValidationTest" time="9.508"/>
</testsuite> <!-- Error Validation Test -->
