<?xml version="1.0" encoding="UTF-8"?>
<!-- Generated by org.testng.reporters.JUnitXMLReporter -->
<testsuite ignored="0" hostname="DESKTOP-E15M9KF" failures="0" tests="2" name="Submit Order Test" time="49.315" errors="0" timestamp="2025-09-27T00:14:01 IST">
  <testcase classname="FrameworkBuildTestNGTest.Tests.SubmitOrderTest" name="submitOrder" time="21.601"/>
  <testcase classname="FrameworkBuildTestNGTest.Tests.SubmitOrderTest" name="productCheckInOrderPageTest" time="7.385"/>
</testsuite> <!-- Submit Order Test -->
