<?xml version="1.0" encoding="UTF-8"?>
<testng-results ignored="0" total="4" passed="4" failed="0" skipped="0">
  <reporter-output>
  </reporter-output>
  <suite started-at="2025-09-27T00:13:09 IST" name="Suite" finished-at="2025-09-27T00:14:01 IST" duration-ms="52330">
    <groups>
      <group name="ErrorHandling">
        <method signature="ErrorValidationTest.loginErrorValidationTest()[pri:0, instance:FrameworkBuildTestNGTest.Tests.ErrorValidationTest@2fb0623e]" name="loginErrorValidationTest" class="FrameworkBuildTestNGTest.Tests.ErrorValidationTest"/>
      </group> <!-- ErrorHandling -->
      <group name="Purchase">
        <method signature="SubmitOrderTest.submitOrder(java.util.HashMap)[pri:0, instance:FrameworkBuildTestNGTest.Tests.SubmitOrderTest@5745ca0e]" name="submitOrder" class="FrameworkBuildTestNGTest.Tests.SubmitOrderTest"/>
      </group> <!-- Purchase -->
    </groups>
    <test started-at="2025-09-27T00:13:09 IST" name="Submit Order Test" finished-at="2025-09-27T00:13:58 IST" duration-ms="49315">
      <class name="FrameworkBuildTestNGTest.Tests.SubmitOrderTest">
        <test-method is-config="true" signature="launchApplication()[pri:0, instance:FrameworkBuildTestNGTest.Tests.SubmitOrderTest@5745ca0e]" started-at="2025-09-27T00:13:10 IST" name="launchApplication" finished-at="2025-09-27T00:13:20 IST" duration-ms="10830" status="PASS">
          <reporter-output>
          </reporter-output>
        </test-method> <!-- launchApplication -->
        <test-method signature="submitOrder(java.util.HashMap)[pri:0, instance:FrameworkBuildTestNGTest.Tests.SubmitOrderTest@5745ca0e]" started-at="2025-09-27T00:13:20 IST" name="submitOrder" data-provider="getData" finished-at="2025-09-27T00:13:42 IST" duration-ms="21601" status="PASS">
          <params>
            <param index="0">
              <value>
                <![CDATA[{password=10A09a1995@@, email=InfosysInterview@gmail.com, productName=ZARA COAT 3}]]>
              </value>
            </param>
          </params>
          <reporter-output>
          </reporter-output>
        </test-method> <!-- submitOrder -->
        <test-method is-config="true" signature="tearDown()[pri:0, instance:FrameworkBuildTestNGTest.Tests.SubmitOrderTest@5745ca0e]" started-at="2025-09-27T00:13:42 IST" name="tearDown" finished-at="2025-09-27T00:13:43 IST" duration-ms="610" status="PASS">
          <reporter-output>
          </reporter-output>
        </test-method> <!-- tearDown -->
        <test-method is-config="true" signature="launchApplication()[pri:0, instance:FrameworkBuildTestNGTest.Tests.SubmitOrderTest@5745ca0e]" started-at="2025-09-27T00:13:43 IST" name="launchApplication" finished-at="2025-09-27T00:13:50 IST" duration-ms="7553" status="PASS">
          <reporter-output>
          </reporter-output>
        </test-method> <!-- launchApplication -->
        <test-method signature="productCheckInOrderPageTest()[pri:0, instance:FrameworkBuildTestNGTest.Tests.SubmitOrderTest@5745ca0e]" started-at="2025-09-27T00:13:50 IST" name="productCheckInOrderPageTest" finished-at="2025-09-27T00:13:58 IST" depends-on-methods="FrameworkBuildTestNGTest.Tests.SubmitOrderTest.submitOrder" duration-ms="7385" status="PASS">
          <reporter-output>
          </reporter-output>
        </test-method> <!-- productCheckInOrderPageTest -->
        <test-method is-config="true" signature="tearDown()[pri:0, instance:FrameworkBuildTestNGTest.Tests.SubmitOrderTest@5745ca0e]" started-at="2025-09-27T00:13:58 IST" name="tearDown" finished-at="2025-09-27T00:13:58 IST" duration-ms="396" status="PASS">
          <reporter-output>
          </reporter-output>
        </test-method> <!-- tearDown -->
      </class> <!-- FrameworkBuildTestNGTest.Tests.SubmitOrderTest -->
    </test> <!-- Submit Order Test -->
    <test started-at="2025-09-27T00:13:09 IST" name="Error Validation Test" finished-at="2025-09-27T00:14:01 IST" duration-ms="52330">
      <class name="FrameworkBuildTestNGTest.Tests.ErrorValidationTest">
        <test-method is-config="true" signature="launchApplication()[pri:0, instance:FrameworkBuildTestNGTest.Tests.ErrorValidationTest@2fb0623e]" started-at="2025-09-27T00:13:09 IST" name="launchApplication" finished-at="2025-09-27T00:13:24 IST" duration-ms="15621" status="PASS">
          <reporter-output>
          </reporter-output>
        </test-method> <!-- launchApplication -->
        <test-method signature="loginErrorValidationTest()[pri:0, instance:FrameworkBuildTestNGTest.Tests.ErrorValidationTest@2fb0623e]" started-at="2025-09-27T00:13:24 IST" name="loginErrorValidationTest" finished-at="2025-09-27T00:13:33 IST" duration-ms="8230" status="PASS">
          <reporter-output>
          </reporter-output>
        </test-method> <!-- loginErrorValidationTest -->
        <test-method is-config="true" signature="tearDown()[pri:0, instance:FrameworkBuildTestNGTest.Tests.ErrorValidationTest@2fb0623e]" started-at="2025-09-27T00:13:33 IST" name="tearDown" finished-at="2025-09-27T00:13:35 IST" duration-ms="2133" status="PASS">
          <reporter-output>
          </reporter-output>
        </test-method> <!-- tearDown -->
        <test-method is-config="true" signature="launchApplication()[pri:0, instance:FrameworkBuildTestNGTest.Tests.ErrorValidationTest@2fb0623e]" started-at="2025-09-27T00:13:35 IST" name="launchApplication" finished-at="2025-09-27T00:13:51 IST" duration-ms="15931" status="PASS">
          <reporter-output>
          </reporter-output>
        </test-method> <!-- launchApplication -->
        <test-method signature="productErrorValidationTest()[pri:0, instance:FrameworkBuildTestNGTest.Tests.ErrorValidationTest@2fb0623e]" started-at="2025-09-27T00:13:51 IST" name="productErrorValidationTest" finished-at="2025-09-27T00:14:00 IST" duration-ms="9508" status="PASS">
          <reporter-output>
          </reporter-output>
        </test-method> <!-- productErrorValidationTest -->
        <test-method is-config="true" signature="tearDown()[pri:0, instance:FrameworkBuildTestNGTest.Tests.ErrorValidationTest@2fb0623e]" started-at="2025-09-27T00:14:00 IST" name="tearDown" finished-at="2025-09-27T00:14:01 IST" duration-ms="772" status="PASS">
          <reporter-output>
          </reporter-output>
        </test-method> <!-- tearDown -->
      </class> <!-- FrameworkBuildTestNGTest.Tests.ErrorValidationTest -->
    </test> <!-- Error Validation Test -->
  </suite> <!-- Suite -->
</testng-results>
